This is pdfTeX, Version 3.14159265-2.6-1.40.16 (MiKTeX 2.9 64-bit) (preloaded format=pdflatex 2015.11.27)  21 AUG 2017 17:39
entering extended mode
**article.tex
(article.tex
LaTeX2e <2015/01/01> patch level 2
Babel <3.9m> and hyphenation patterns for 69 languages loaded.
("C:\Program Files\MiKTeX 2.9\tex\latex\base\article.cls"
Document Class: article 2014/09/29 v1.4h Standard LaTeX document class
("C:\Program Files\MiKTeX 2.9\tex\latex\base\size10.clo"
File: size10.clo 2014/09/29 v1.4h Standard LaTeX file (size option)
)
\c@part=\count79
\c@section=\count80
\c@subsection=\count81
\c@subsubsection=\count82
\c@paragraph=\count83
\c@subparagraph=\count84
\c@figure=\count85
\c@table=\count86
\abovecaptionskip=\skip41
\belowcaptionskip=\skip42
\bibindent=\dimen102
)
("C:\Program Files\MiKTeX 2.9\tex\latex\amsmath\amsmath.sty"
Package: amsmath 2013/01/14 v2.14 AMS math features
\@mathmargin=\skip43

For additional information on amsmath, use the `?' option.
("C:\Program Files\MiKTeX 2.9\tex\latex\amsmath\amstext.sty"
Package: amstext 2000/06/29 v2.01

("C:\Program Files\MiKTeX 2.9\tex\latex\amsmath\amsgen.sty"
File: amsgen.sty 1999/11/30 v2.0
\@emptytoks=\toks14
\ex@=\dimen103
))
("C:\Program Files\MiKTeX 2.9\tex\latex\amsmath\amsbsy.sty"
Package: amsbsy 1999/11/29 v1.2d
\pmbraise@=\dimen104
)
("C:\Program Files\MiKTeX 2.9\tex\latex\amsmath\amsopn.sty"
Package: amsopn 1999/12/14 v2.01 operator names
)
\inf@bad=\count87
LaTeX Info: Redefining \frac on input line 210.
\uproot@=\count88
\leftroot@=\count89
LaTeX Info: Redefining \overline on input line 306.
\classnum@=\count90
\DOTSCASE@=\count91
LaTeX Info: Redefining \ldots on input line 378.
LaTeX Info: Redefining \dots on input line 381.
LaTeX Info: Redefining \cdots on input line 466.
\Mathstrutbox@=\box26
\strutbox@=\box27
\big@size=\dimen105
LaTeX Font Info:    Redeclaring font encoding OML on input line 566.
LaTeX Font Info:    Redeclaring font encoding OMS on input line 567.
\macc@depth=\count92
\c@MaxMatrixCols=\count93
\dotsspace@=\muskip10
\c@parentequation=\count94
\dspbrk@lvl=\count95
\tag@help=\toks15
\row@=\count96
\column@=\count97
\maxfields@=\count98
\andhelp@=\toks16
\eqnshift@=\dimen106
\alignsep@=\dimen107
\tagshift@=\dimen108
\tagwidth@=\dimen109
\totwidth@=\dimen110
\lineht@=\dimen111
\@envbody=\toks17
\multlinegap=\skip44
\multlinetaggap=\skip45
\mathdisplay@stack=\toks18
LaTeX Info: Redefining \[ on input line 2665.
LaTeX Info: Redefining \] on input line 2666.
)
("C:\Program Files\MiKTeX 2.9\tex\latex\amscls\amsthm.sty"
Package: amsthm 2015/03/04 v2.20.2
\thm@style=\toks19
\thm@bodyfont=\toks20
\thm@headfont=\toks21
\thm@notefont=\toks22
\thm@headpunct=\toks23
\thm@preskip=\skip46
\thm@postskip=\skip47
\thm@headsep=\skip48
\dth@everypar=\toks24
)
("C:\Program Files\MiKTeX 2.9\tex\latex\amsfonts\amsfonts.sty"
Package: amsfonts 2013/01/14 v3.01 Basic AMSFonts support
\symAMSa=\mathgroup4
\symAMSb=\mathgroup5
LaTeX Font Info:    Overwriting math alphabet `\mathfrak' in version `bold'
(Font)                  U/euf/m/n --> U/euf/b/n on input line 106.
)
("C:\Program Files\MiKTeX 2.9\tex\latex\graphics\graphicx.sty"
Package: graphicx 2014/10/28 v1.0g Enhanced LaTeX Graphics (DPC,SPQR)

("C:\Program Files\MiKTeX 2.9\tex\latex\graphics\keyval.sty"
Package: keyval 2014/10/28 v1.15 key=value parser (DPC)
\KV@toks@=\toks25
)
("C:\Program Files\MiKTeX 2.9\tex\latex\graphics\graphics.sty"
Package: graphics 2014/10/28 v1.0p Standard LaTeX Graphics (DPC,SPQR)

("C:\Program Files\MiKTeX 2.9\tex\latex\graphics\trig.sty"
Package: trig 1999/03/16 v1.09 sin cos tan (DPC)
)
("C:\Program Files\MiKTeX 2.9\tex\latex\00miktex\graphics.cfg"
File: graphics.cfg 2007/01/18 v1.5 graphics configuration of teTeX/TeXLive
)
Package graphics Info: Driver file: pdftex.def on input line 94.

("C:\Program Files\MiKTeX 2.9\tex\latex\pdftex-def\pdftex.def"
File: pdftex.def 2011/05/27 v0.06d Graphics/color for pdfTeX

("C:\Program Files\MiKTeX 2.9\tex\generic\oberdiek\infwarerr.sty"
Package: infwarerr 2010/04/08 v1.3 Providing info/warning/error messages (HO)
)
("C:\Program Files\MiKTeX 2.9\tex\generic\oberdiek\ltxcmds.sty"
Package: ltxcmds 2011/11/09 v1.22 LaTeX kernel commands for general use (HO)
)
\Gread@gobject=\count99
))
\Gin@req@height=\dimen112
\Gin@req@width=\dimen113
)
("C:\Program Files\MiKTeX 2.9\tex\latex\caption\caption.sty"
Package: caption 2015/09/17 v3.3-111 Customizing captions (AR)

("C:\Program Files\MiKTeX 2.9\tex\latex\caption\caption3.sty"
Package: caption3 2015/09/20 v1.7-115 caption3 kernel (AR)
Package caption3 Info: TeX engine: e-TeX on input line 57.
\captionmargin=\dimen114
\captionmargin@=\dimen115
\captionwidth=\dimen116
\caption@tempdima=\dimen117
\caption@indent=\dimen118
\caption@parindent=\dimen119
\caption@hangindent=\dimen120
)
\c@ContinuedFloat=\count100
)
("C:\Program Files\MiKTeX 2.9\tex\latex\caption\subcaption.sty"
Package: subcaption 2015/09/15 v1.1-100 Sub-captions (AR)
\c@subfigure=\count101
\c@subtable=\count102
)
\c@thm=\count103
 (article.aux

LaTeX Warning: Label `fig:critical_thermo' multiply defined.

)
LaTeX Font Info:    Checking defaults for OML/cmm/m/it on input line 54.
LaTeX Font Info:    ... okay on input line 54.
LaTeX Font Info:    Checking defaults for T1/cmr/m/n on input line 54.
LaTeX Font Info:    ... okay on input line 54.
LaTeX Font Info:    Checking defaults for OT1/cmr/m/n on input line 54.
LaTeX Font Info:    ... okay on input line 54.
LaTeX Font Info:    Checking defaults for OMS/cmsy/m/n on input line 54.
LaTeX Font Info:    ... okay on input line 54.
LaTeX Font Info:    Checking defaults for OMX/cmex/m/n on input line 54.
LaTeX Font Info:    ... okay on input line 54.
LaTeX Font Info:    Checking defaults for U/cmr/m/n on input line 54.
LaTeX Font Info:    ... okay on input line 54.
 ("C:\Program Files\MiKTeX 2.9\tex\context\base\supp-pdf.mkii"
[Loading MPS to PDF converter (version 2006.09.02).]
\scratchcounter=\count104
\scratchdimen=\dimen121
\scratchbox=\box28
\nofMPsegments=\count105
\nofMParguments=\count106
\everyMPshowfont=\toks26
\MPscratchCnt=\count107
\MPscratchDim=\dimen122
\MPnumerator=\count108
\makeMPintoPDFobject=\count109
\everyMPtoPDFconversion=\toks27
)
Package caption Info: Begin \AtBeginDocument code.
Package caption Info: End \AtBeginDocument code.
LaTeX Font Info:    Try loading font information for U+msa on input line 55.
 ("C:\Program Files\MiKTeX 2.9\tex\latex\amsfonts\umsa.fd"
File: umsa.fd 2013/01/14 v3.01 AMS symbols A
)
LaTeX Font Info:    Try loading font information for U+msb on input line 55.

("C:\Program Files\MiKTeX 2.9\tex\latex\amsfonts\umsb.fd"
File: umsb.fd 2013/01/14 v3.01 AMS symbols B
) [1

{C:/Users/Gustavo Mendes Platt/AppData/Local/MiKTeX/2.9/pdftex/config/pdftex.ma
p}] [2]
<curvas.pdf, id=19, 612.2875pt x 461.725pt>
File: curvas.pdf Graphic file (type pdf)
 <use curvas.pdf>
Package pdftex.def Info: curvas.pdf used on input line 106.
(pdftex.def)             Requested size: 306.143pt x 230.86194pt.
 [3 <./curvas.pdf>] [4] <temperatura_pressao.pdf, id=29, 505.89pt x 392.46625pt
>
File: temperatura_pressao.pdf Graphic file (type pdf)

<use temperatura_pressao.pdf>
Package pdftex.def Info: temperatura_pressao.pdf used on input line 152.
(pdftex.def)             Requested size: 252.94437pt x 196.23264pt.

<curvas_criticas_dominio_new.pdf, id=30, 491.8375pt x 387.4475pt>
File: curvas_criticas_dominio_new.pdf Graphic file (type pdf)

<use curvas_criticas_dominio_new.pdf>
Package pdftex.def Info: curvas_criticas_dominio_new.pdf used on input line 167
.
(pdftex.def)             Requested size: 245.91814pt x 193.72327pt.

<bicos_dominio.pdf, id=31, 501.875pt x 387.4475pt>
File: bicos_dominio.pdf Graphic file (type pdf)
 <use bicos_dominio.pdf>
Package pdftex.def Info: bicos_dominio.pdf used on input line 178.
(pdftex.def)             Requested size: 155.24895pt x 119.85326pt.

<bicos_imagem.pdf, id=32, 487.8225pt x 401.5pt>
File: bicos_imagem.pdf Graphic file (type pdf)
 <use bicos_imagem.pdf>
Package pdftex.def Info: bicos_imagem.pdf used on input line 184.
(pdftex.def)             Requested size: 155.24895pt x 127.77808pt.
 [5 <./temperatura_pressao.pdf>] [6 <./curvas_criticas_dominio_new.pdf> <./bico
s_dominio.pdf> <./bicos_imagem.pdf>]
<sequencia_pontos_imagem.pdf, id=53, 486.81876pt x 400.49625pt>
File: sequencia_pontos_imagem.pdf Graphic file (type pdf)

<use sequencia_pontos_imagem.pdf>
Package pdftex.def Info: sequencia_pontos_imagem.pdf used on input line 202.
(pdftex.def)             Requested size: 243.40878pt x 200.24763pt.

<sequencia_pontos_dominio.pdf, id=54, 493.845pt x 387.4475pt>
File: sequencia_pontos_dominio.pdf Graphic file (type pdf)

<use sequencia_pontos_dominio.pdf>
Package pdftex.def Info: sequencia_pontos_dominio.pdf used on input line 209.
(pdftex.def)             Requested size: 246.92189pt x 193.72327pt.

<sequencia_pontos_dominio_2.pdf, id=55, 491.8375pt x 387.4475pt>
File: sequencia_pontos_dominio_2.pdf Graphic file (type pdf)

<use sequencia_pontos_dominio_2.pdf>
Package pdftex.def Info: sequencia_pontos_dominio_2.pdf used on input line 216.

(pdftex.def)             Requested size: 245.91814pt x 193.72327pt.

<sequencia_pontos_dominio_3.pdf, id=56, 491.8375pt x 387.4475pt>
File: sequencia_pontos_dominio_3.pdf Graphic file (type pdf)

<use sequencia_pontos_dominio_3.pdf>
Package pdftex.def Info: sequencia_pontos_dominio_3.pdf used on input line 223.

(pdftex.def)             Requested size: 245.91814pt x 193.72327pt.

<caminho_L_degeneracao_imagem_new.pdf, id=57, 487.8225pt x 401.5pt>
File: caminho_L_degeneracao_imagem_new.pdf Graphic file (type pdf)

<use caminho_L_degeneracao_imagem_new.pdf>
Package pdftex.def Info: caminho_L_degeneracao_imagem_new.pdf used on input lin
e 232.
(pdftex.def)             Requested size: 243.91064pt x 200.7495pt.
 [7 <./sequencia_pontos_imagem.pdf>]
[8 <./sequencia_pontos_dominio.pdf> <./sequencia_pontos_dominio_2.pdf>]
[9 <./sequencia_pontos_dominio_3.pdf> <./caminho_L_degeneracao_imagem_new.pdf>]
<caminhos_L_degeneracao_dominio_new.pdf, id=146, 491.8375pt x 387.4475pt>
File: caminhos_L_degeneracao_dominio_new.pdf Graphic file (type pdf)

<use caminhos_L_degeneracao_dominio_new.pdf>
Package pdftex.def Info: caminhos_L_degeneracao_dominio_new.pdf used on input l
ine 241.
(pdftex.def)             Requested size: 245.91814pt x 193.72327pt.

<imagem3.pdf, id=147, 571.13374pt x 429.605pt>
File: imagem3.pdf Graphic file (type pdf)
 <use imagem3.pdf>
Package pdftex.def Info: imagem3.pdf used on input line 274.
(pdftex.def)             Requested size: 257.00781pt x 193.32045pt.

<dominio3.pdf, id=148, 572.1375pt x 429.605pt>
File: dominio3.pdf Graphic file (type pdf)
 <use dominio3.pdf>
Package pdftex.def Info: dominio3.pdf used on input line 284.
(pdftex.def)             Requested size: 286.06804pt x 214.80197pt.

<caminhos_L_degeneracao_dominio2.pdf, id=149, 572.1375pt x 431.6125pt>
File: caminhos_L_degeneracao_dominio2.pdf Graphic file (type pdf)

<use caminhos_L_degeneracao_dominio2.pdf>
Package pdftex.def Info: caminhos_L_degeneracao_dominio2.pdf used on input line
 293.
(pdftex.def)             Requested size: 286.06804pt x 215.80571pt.
 [10 <./caminhos_L_degeneracao_dominio_new.pdf>] [11 <./imagem3.pdf> <./dominio
3.pdf>] [12 <./caminhos_L_degeneracao_dominio2.pdf>] [13] (article.aux)

LaTeX Warning: There were multiply-defined labels.

 ) 
Here is how much of TeX's memory you used:
 3131 strings out of 493673
 45985 string characters out of 3143912
 111097 words of memory out of 3000000
 6456 multiletter control sequences out of 15000+200000
 13701 words of font info for 53 fonts, out of 3000000 for 9000
 1025 hyphenation exceptions out of 8191
 36i,8n,38p,1336b,461s stack positions out of 5000i,500n,10000p,200000b,50000s
<C:/Program Files/MiKTeX 2.9/fonts/type1/public/amsfonts/cm/cmbx10.pfb><C:/Pr
ogram Files/MiKTeX 2.9/fonts/type1/public/amsfonts/cm/cmbx12.pfb><C:/Program Fi
les/MiKTeX 2.9/fonts/type1/public/amsfonts/cm/cmbx9.pfb><C:/Program Files/MiKTe
X 2.9/fonts/type1/public/amsfonts/cm/cmmi10.pfb><C:/Program Files/MiKTeX 2.9/fo
nts/type1/public/amsfonts/cm/cmmi12.pfb><C:/Program Files/MiKTeX 2.9/fonts/type
1/public/amsfonts/cm/cmmi6.pfb><C:/Program Files/MiKTeX 2.9/fonts/type1/public/
amsfonts/cm/cmmi7.pfb><C:/Program Files/MiKTeX 2.9/fonts/type1/public/amsfonts/
cm/cmmi9.pfb><C:/Program Files/MiKTeX 2.9/fonts/type1/public/amsfonts/cm/cmr10.
pfb><C:/Program Files/MiKTeX 2.9/fonts/type1/public/amsfonts/cm/cmr12.pfb><C:/P
rogram Files/MiKTeX 2.9/fonts/type1/public/amsfonts/cm/cmr17.pfb><C:/Program Fi
les/MiKTeX 2.9/fonts/type1/public/amsfonts/cm/cmr6.pfb><C:/Program Files/MiKTeX
 2.9/fonts/type1/public/amsfonts/cm/cmr7.pfb><C:/Program Files/MiKTeX 2.9/fonts
/type1/public/amsfonts/cm/cmr8.pfb><C:/Program Files/MiKTeX 2.9/fonts/type1/pub
lic/amsfonts/cm/cmr9.pfb><C:/Program Files/MiKTeX 2.9/fonts/type1/public/amsfon
ts/cm/cmsy9.pfb><C:/Program Files/MiKTeX 2.9/fonts/type1/public/amsfonts/cm/cmt
i9.pfb>
Output written on article.pdf (13 pages, 4704901 bytes).
PDF statistics:
 338 PDF objects out of 1000 (max. 8388607)
 0 named destinations out of 1000 (max. 500000)
 71 words of extra memory for PDF output out of 10000 (max. 10000000)

