This is pdfTeX, Version 3.14159265-2.6-1.40.16 (MiKTeX 2.9 64-bit) (preloaded format=pdflatex 2015.11.27)  22 AUG 2017 16:54
entering extended mode
**article_gmp_02_08_fdmn_22_08.tex
(article_gmp_02_08_fdmn_22_08.tex
LaTeX2e <2015/01/01> patch level 2
Babel <3.9m> and hyphenation patterns for 69 languages loaded.
("C:\Program Files\MiKTeX 2.9\tex\latex\base\article.cls"
Document Class: article 2014/09/29 v1.4h Standard LaTeX document class
("C:\Program Files\MiKTeX 2.9\tex\latex\base\size10.clo"
File: size10.clo 2014/09/29 v1.4h Standard LaTeX file (size option)
)
\c@part=\count79
\c@section=\count80
\c@subsection=\count81
\c@subsubsection=\count82
\c@paragraph=\count83
\c@subparagraph=\count84
\c@figure=\count85
\c@table=\count86
\abovecaptionskip=\skip41
\belowcaptionskip=\skip42
\bibindent=\dimen102
)
("C:\Program Files\MiKTeX 2.9\tex\latex\amsmath\amsmath.sty"
Package: amsmath 2013/01/14 v2.14 AMS math features
\@mathmargin=\skip43

For additional information on amsmath, use the `?' option.
("C:\Program Files\MiKTeX 2.9\tex\latex\amsmath\amstext.sty"
Package: amstext 2000/06/29 v2.01

("C:\Program Files\MiKTeX 2.9\tex\latex\amsmath\amsgen.sty"
File: amsgen.sty 1999/11/30 v2.0
\@emptytoks=\toks14
\ex@=\dimen103
))
("C:\Program Files\MiKTeX 2.9\tex\latex\amsmath\amsbsy.sty"
Package: amsbsy 1999/11/29 v1.2d
\pmbraise@=\dimen104
)
("C:\Program Files\MiKTeX 2.9\tex\latex\amsmath\amsopn.sty"
Package: amsopn 1999/12/14 v2.01 operator names
)
\inf@bad=\count87
LaTeX Info: Redefining \frac on input line 210.
\uproot@=\count88
\leftroot@=\count89
LaTeX Info: Redefining \overline on input line 306.
\classnum@=\count90
\DOTSCASE@=\count91
LaTeX Info: Redefining \ldots on input line 378.
LaTeX Info: Redefining \dots on input line 381.
LaTeX Info: Redefining \cdots on input line 466.
\Mathstrutbox@=\box26
\strutbox@=\box27
\big@size=\dimen105
LaTeX Font Info:    Redeclaring font encoding OML on input line 566.
LaTeX Font Info:    Redeclaring font encoding OMS on input line 567.
\macc@depth=\count92
\c@MaxMatrixCols=\count93
\dotsspace@=\muskip10
\c@parentequation=\count94
\dspbrk@lvl=\count95
\tag@help=\toks15
\row@=\count96
\column@=\count97
\maxfields@=\count98
\andhelp@=\toks16
\eqnshift@=\dimen106
\alignsep@=\dimen107
\tagshift@=\dimen108
\tagwidth@=\dimen109
\totwidth@=\dimen110
\lineht@=\dimen111
\@envbody=\toks17
\multlinegap=\skip44
\multlinetaggap=\skip45
\mathdisplay@stack=\toks18
LaTeX Info: Redefining \[ on input line 2665.
LaTeX Info: Redefining \] on input line 2666.
)
("C:\Program Files\MiKTeX 2.9\tex\latex\amscls\amsthm.sty"
Package: amsthm 2015/03/04 v2.20.2
\thm@style=\toks19
\thm@bodyfont=\toks20
\thm@headfont=\toks21
\thm@notefont=\toks22
\thm@headpunct=\toks23
\thm@preskip=\skip46
\thm@postskip=\skip47
\thm@headsep=\skip48
\dth@everypar=\toks24
)
("C:\Program Files\MiKTeX 2.9\tex\latex\amsfonts\amsfonts.sty"
Package: amsfonts 2013/01/14 v3.01 Basic AMSFonts support
\symAMSa=\mathgroup4
\symAMSb=\mathgroup5
LaTeX Font Info:    Overwriting math alphabet `\mathfrak' in version `bold'
(Font)                  U/euf/m/n --> U/euf/b/n on input line 106.
)
("C:\Program Files\MiKTeX 2.9\tex\latex\graphics\graphicx.sty"
Package: graphicx 2014/10/28 v1.0g Enhanced LaTeX Graphics (DPC,SPQR)

("C:\Program Files\MiKTeX 2.9\tex\latex\graphics\keyval.sty"
Package: keyval 2014/10/28 v1.15 key=value parser (DPC)
\KV@toks@=\toks25
)
("C:\Program Files\MiKTeX 2.9\tex\latex\graphics\graphics.sty"
Package: graphics 2014/10/28 v1.0p Standard LaTeX Graphics (DPC,SPQR)

("C:\Program Files\MiKTeX 2.9\tex\latex\graphics\trig.sty"
Package: trig 1999/03/16 v1.09 sin cos tan (DPC)
)
("C:\Program Files\MiKTeX 2.9\tex\latex\00miktex\graphics.cfg"
File: graphics.cfg 2007/01/18 v1.5 graphics configuration of teTeX/TeXLive
)
Package graphics Info: Driver file: pdftex.def on input line 94.

("C:\Program Files\MiKTeX 2.9\tex\latex\pdftex-def\pdftex.def"
File: pdftex.def 2011/05/27 v0.06d Graphics/color for pdfTeX

("C:\Program Files\MiKTeX 2.9\tex\generic\oberdiek\infwarerr.sty"
Package: infwarerr 2010/04/08 v1.3 Providing info/warning/error messages (HO)
)
("C:\Program Files\MiKTeX 2.9\tex\generic\oberdiek\ltxcmds.sty"
Package: ltxcmds 2011/11/09 v1.22 LaTeX kernel commands for general use (HO)
)
\Gread@gobject=\count99
))
\Gin@req@height=\dimen112
\Gin@req@width=\dimen113
)
("C:\Program Files\MiKTeX 2.9\tex\latex\caption\caption.sty"
Package: caption 2015/09/17 v3.3-111 Customizing captions (AR)

("C:\Program Files\MiKTeX 2.9\tex\latex\caption\caption3.sty"
Package: caption3 2015/09/20 v1.7-115 caption3 kernel (AR)
Package caption3 Info: TeX engine: e-TeX on input line 57.
\captionmargin=\dimen114
\captionmargin@=\dimen115
\captionwidth=\dimen116
\caption@tempdima=\dimen117
\caption@indent=\dimen118
\caption@parindent=\dimen119
\caption@hangindent=\dimen120
)
\c@ContinuedFloat=\count100
)
("C:\Program Files\MiKTeX 2.9\tex\latex\caption\subcaption.sty"
Package: subcaption 2015/09/15 v1.1-100 Sub-captions (AR)
\c@subfigure=\count101
\c@subtable=\count102
)
\c@thm=\count103
\c@exem=\count104

No file article_gmp_02_08_fdmn_22_08.aux.
LaTeX Font Info:    Checking defaults for OML/cmm/m/it on input line 56.
LaTeX Font Info:    ... okay on input line 56.
LaTeX Font Info:    Checking defaults for T1/cmr/m/n on input line 56.
LaTeX Font Info:    ... okay on input line 56.
LaTeX Font Info:    Checking defaults for OT1/cmr/m/n on input line 56.
LaTeX Font Info:    ... okay on input line 56.
LaTeX Font Info:    Checking defaults for OMS/cmsy/m/n on input line 56.
LaTeX Font Info:    ... okay on input line 56.
LaTeX Font Info:    Checking defaults for OMX/cmex/m/n on input line 56.
LaTeX Font Info:    ... okay on input line 56.
LaTeX Font Info:    Checking defaults for U/cmr/m/n on input line 56.
LaTeX Font Info:    ... okay on input line 56.
("C:\Program Files\MiKTeX 2.9\tex\context\base\supp-pdf.mkii"
[Loading MPS to PDF converter (version 2006.09.02).]
\scratchcounter=\count105
\scratchdimen=\dimen121
\scratchbox=\box28
\nofMPsegments=\count106
\nofMParguments=\count107
\everyMPshowfont=\toks26
\MPscratchCnt=\count108
\MPscratchDim=\dimen122
\MPnumerator=\count109
\makeMPintoPDFobject=\count110
\everyMPtoPDFconversion=\toks27
)
Package caption Info: Begin \AtBeginDocument code.
Package caption Info: End \AtBeginDocument code.
LaTeX Font Info:    Try loading font information for U+msa on input line 57.
 ("C:\Program Files\MiKTeX 2.9\tex\latex\amsfonts\umsa.fd"
File: umsa.fd 2013/01/14 v3.01 AMS symbols A
)
LaTeX Font Info:    Try loading font information for U+msb on input line 57.

("C:\Program Files\MiKTeX 2.9\tex\latex\amsfonts\umsb.fd"
File: umsb.fd 2013/01/14 v3.01 AMS symbols B
)

LaTeX Warning: Citation `chen_1' on page 1 undefined on input line 63.


LaTeX Warning: Citation `chen_2' on page 1 undefined on input line 63.


LaTeX Warning: Citation `raeissi_1' on page 1 undefined on input line 63.


LaTeX Warning: Citation `raeissi_2' on page 1 undefined on input line 63.


LaTeX Warning: Citation `peng_robinson' on page 1 undefined on input line 63.


LaTeX Warning: Citation `jnsa' on page 1 undefined on input line 65.


LaTeX Warning: Citation `malta' on page 1 undefined on input line 65.


LaTeX Warning: Citation `malta' on page 1 undefined on input line 66.

[1

{C:/Users/Gustavo Mendes Platt/AppData/Local/MiKTeX/2.9/pdftex/config/pdftex.ma
p}]

LaTeX Warning: Citation `canadian' on page 2 undefined on input line 73.


LaTeX Warning: Citation `ireme' on page 2 undefined on input line 77.


LaTeX Warning: Citation `malta' on page 2 undefined on input line 77.


LaTeX Warning: Reference `tab:roots' on page 2 undefined on input line 80.


LaTeX Warning: Reference `tab:roots' on page 2 undefined on input line 80.


LaTeX Warning: Citation `ireme' on page 2 undefined on input line 113.

[2]
Overfull \hbox (10.31438pt too wide) in alignment at lines 175--181
 [][][] []
 []

[3]

LaTeX Warning: Citation `malta' on page 4 undefined on input line 193.


LaTeX Warning: Citation `malta' on page 4 undefined on input line 206.


LaTeX Warning: Citation `malta' on page 4 undefined on input line 217.


LaTeX Warning: Citation `malta' on page 4 undefined on input line 262.


LaTeX Warning: Citation `ireme' on page 4 undefined on input line 264.


LaTeX Warning: Citation `ireme' on page 4 undefined on input line 264.


LaTeX Warning: Citation `ireme' on page 4 undefined on input line 264.


Overfull \hbox (0.36195pt too wide) in paragraph at lines 261--266
\OT1/cmr/m/n/9 The method-ol-ogy of nu-mer-i-cal in-ver-sion of two-variable fu
nc-tions, adapted
 []

[4]
Overfull \hbox (0.87367pt too wide) in paragraph at lines 267--267
[]\OT1/cmr/bx/n/12 An in-depth ex-am-i-na-tion of the crit-i-cal curves 
 []


LaTeX Warning: Citation `ireme' on page 5 undefined on input line 271.


LaTeX Warning: Reference `fig:sinais' on page 5 undefined on input line 278.

<curvas_criticas_dominio.pdf, id=31, 496.13232pt x 388.09773pt>
File: curvas_criticas_dominio.pdf Graphic file (type pdf)

<use curvas_criticas_dominio.pdf>
Package pdftex.def Info: curvas_criticas_dominio.pdf used on input line 283.
(pdftex.def)             Requested size: 248.06555pt x 194.04839pt.


LaTeX Warning: Reference `fig:domain_image' on page 5 undefined on input line 2
88.

[5 <./curvas_criticas_dominio.pdf>]
<bicos_dominio.pdf, id=44, 501.875pt x 387.4475pt>
File: bicos_dominio.pdf Graphic file (type pdf)
 <use bicos_dominio.pdf>
Package pdftex.def Info: bicos_dominio.pdf used on input line 295.
(pdftex.def)             Requested size: 155.24895pt x 119.85326pt.

<bicos_imagem.pdf, id=45, 487.8225pt x 401.5pt>
File: bicos_imagem.pdf Graphic file (type pdf)
 <use bicos_imagem.pdf>
Package pdftex.def Info: bicos_imagem.pdf used on input line 301.
(pdftex.def)             Requested size: 155.24895pt x 127.77808pt.


LaTeX Warning: Citation `heidemman' on page 6 undefined on input line 316.


LaTeX Warning: Reference `fig:critical_thermo' on page 6 undefined on input lin
e 318.


LaTeX Warning: Citation `classif' on page 6 undefined on input line 319.

<temperatura_pressao.pdf, id=46, 505.89pt x 392.46625pt>
File: temperatura_pressao.pdf Graphic file (type pdf)

<use temperatura_pressao.pdf>
Package pdftex.def Info: temperatura_pressao.pdf used on input line 323.
(pdftex.def)             Requested size: 252.94437pt x 196.23264pt.


LaTeX Warning: Reference `fig:points_image' on page 6 undefined on input line 3
32.

[6 <./bicos_dominio.pdf> <./bicos_imagem.pdf>]

LaTeX Warning: Reference `fig:points_domain_3_4' on page 7 undefined on input l
ine 335.


LaTeX Warning: Reference `fig:points_domain_2' on page 7 undefined on input lin
e 337.


LaTeX Warning: Reference `fig:points_domain_1' on page 7 undefined on input lin
e 337.

<sequencia_pontos_imagem.pdf, id=57, 486.81876pt x 400.49625pt>
File: sequencia_pontos_imagem.pdf Graphic file (type pdf)

<use sequencia_pontos_imagem.pdf>
Package pdftex.def Info: sequencia_pontos_imagem.pdf used on input line 342.
(pdftex.def)             Requested size: 243.40878pt x 200.24763pt.

<sequencia_pontos_dominio.pdf, id=58, 493.845pt x 387.4475pt>
File: sequencia_pontos_dominio.pdf Graphic file (type pdf)

<use sequencia_pontos_dominio.pdf>
Package pdftex.def Info: sequencia_pontos_dominio.pdf used on input line 349.
(pdftex.def)             Requested size: 246.92189pt x 193.72327pt.

<sequencia_pontos_dominio_2.pdf, id=59, 491.8375pt x 387.4475pt>
File: sequencia_pontos_dominio_2.pdf Graphic file (type pdf)

<use sequencia_pontos_dominio_2.pdf>
Package pdftex.def Info: sequencia_pontos_dominio_2.pdf used on input line 356.

(pdftex.def)             Requested size: 245.91814pt x 193.72327pt.

<sequencia_pontos_dominio_3.pdf, id=60, 491.8375pt x 387.4475pt>
File: sequencia_pontos_dominio_3.pdf Graphic file (type pdf)

<use sequencia_pontos_dominio_3.pdf>
Package pdftex.def Info: sequencia_pontos_dominio_3.pdf used on input line 363.

(pdftex.def)             Requested size: 245.91814pt x 193.72327pt.


LaTeX Warning: Reference `fig:L_path_image' on page 7 undefined on input line 3
68.

<caminho_L_degeneracao_imagem.pdf, id=61, 486.81876pt x 400.49625pt>
File: caminho_L_degeneracao_imagem.pdf Graphic file (type pdf)

<use caminho_L_degeneracao_imagem.pdf>
Package pdftex.def Info: caminho_L_degeneracao_imagem.pdf used on input line 37
2.
(pdftex.def)             Requested size: 243.40878pt x 200.24763pt.


LaTeX Warning: Reference `fig:L_path_domain' on page 7 undefined on input line 
377.

<caminhos_L_degeneracao_dominio.pdf, id=62, 491.8375pt x 387.4475pt>
File: caminhos_L_degeneracao_dominio.pdf Graphic file (type pdf)

<use caminhos_L_degeneracao_dominio.pdf>
Package pdftex.def Info: caminhos_L_degeneracao_dominio.pdf used on input line 
381.
(pdftex.def)             Requested size: 245.91814pt x 193.72327pt.


LaTeX Warning: Reference `fig:image_left' on page 7 undefined on input line 388
.


LaTeX Warning: Reference `fig:domain_left' on page 7 undefined on input line 38
8.


LaTeX Warning: Reference `tab:roots' on page 7 undefined on input line 388.


LaTeX Warning: Reference `fig:domain_left' on page 7 undefined on input line 38
8.

[7 <./temperatura_pressao.pdf>] [8 <./sequencia_pontos_imagem.pdf> <./sequencia
_pontos_dominio.pdf>] [9 <./sequencia_pontos_dominio_2.pdf> <./sequencia_pontos
_dominio_3.pdf>] [10 <./caminho_L_degeneracao_imagem.pdf> <./caminhos_L_degener
acao_dominio.pdf>] <imagem.pdf, id=143, 480.79625pt x 401.5pt>
File: imagem.pdf Graphic file (type pdf)

<use imagem.pdf>
Package pdftex.def Info: imagem.pdf used on input line 392.
(pdftex.def)             Requested size: 240.39752pt x 200.7495pt.
 <dominio_distancias_novo.pdf, id=144, 495.8525pt x 626.34pt>
File: dominio_distancias_novo.pdf Graphic file (type pdf)

<use dominio_distancias_novo.pdf>
Package pdftex.def Info: dominio_distancias_novo.pdf used on input line 399.
(pdftex.def)             Requested size: 247.92564pt x 313.16922pt.
 [11 <./imagem.pdf>] [12 <./dominio_distancias_novo.pdf>] [13] (article_gmp_02_
08_fdmn_22_08.aux)

LaTeX Warning: There were undefined references.


LaTeX Warning: Label(s) may have changed. Rerun to get cross-references right.

 ) 
Here is how much of TeX's memory you used:
 3126 strings out of 493673
 45901 string characters out of 3143912
 114097 words of memory out of 3000000
 6454 multiletter control sequences out of 15000+200000
 13701 words of font info for 53 fonts, out of 3000000 for 9000
 1025 hyphenation exceptions out of 8191
 36i,14n,38p,856b,461s stack positions out of 5000i,500n,10000p,200000b,50000s
<C:/Program Files/MiKTeX 2.9/fonts/type1/public/amsfonts/cm/cmbx10.pfb><C:/Pr
ogram Files/MiKTeX 2.9/fonts/type1/public/amsfonts/cm/cmbx12.pfb><C:/Program Fi
les/MiKTeX 2.9/fonts/type1/public/amsfonts/cm/cmbx9.pfb><C:/Program Files/MiKTe
X 2.9/fonts/type1/public/amsfonts/cmextra/cmex9.pfb><C:/Program Files/MiKTeX 2.
9/fonts/type1/public/amsfonts/cm/cmmi10.pfb><C:/Program Files/MiKTeX 2.9/fonts/
type1/public/amsfonts/cm/cmmi6.pfb><C:/Program Files/MiKTeX 2.9/fonts/type1/pub
lic/amsfonts/cm/cmmi9.pfb><C:/Program Files/MiKTeX 2.9/fonts/type1/public/amsfo
nts/cm/cmr10.pfb><C:/Program Files/MiKTeX 2.9/fonts/type1/public/amsfonts/cm/cm
r12.pfb><C:/Program Files/MiKTeX 2.9/fonts/type1/public/amsfonts/cm/cmr17.pfb><
C:/Program Files/MiKTeX 2.9/fonts/type1/public/amsfonts/cm/cmr5.pfb><C:/Program
 Files/MiKTeX 2.9/fonts/type1/public/amsfonts/cm/cmr6.pfb><C:/Program Files/MiK
TeX 2.9/fonts/type1/public/amsfonts/cm/cmr7.pfb><C:/Program Files/MiKTeX 2.9/fo
nts/type1/public/amsfonts/cm/cmr8.pfb><C:/Program Files/MiKTeX 2.9/fonts/type1/
public/amsfonts/cm/cmr9.pfb><C:/Program Files/MiKTeX 2.9/fonts/type1/public/ams
fonts/cm/cmsy6.pfb><C:/Program Files/MiKTeX 2.9/fonts/type1/public/amsfonts/cm/
cmsy9.pfb><C:/Program Files/MiKTeX 2.9/fonts/type1/public/amsfonts/cm/cmti9.pfb
><C:/Program Files/MiKTeX 2.9/fonts/type1/public/amsfonts/symbols/msbm10.pfb>
Output written on article_gmp_02_08_fdmn_22_08.pdf (13 pages, 3081537 bytes).
PDF statistics:
 290 PDF objects out of 1000 (max. 8388607)
 0 named destinations out of 1000 (max. 500000)
 61 words of extra memory for PDF output out of 10000 (max. 10000000)

